#
# There is insufficient memory for the Java Runtime Environment to continue.
# Native memory allocation (malloc) failed to allocate 1048576 bytes. Error detail: AllocateHeap
# Possible reasons:
#   The system is out of physical RAM or swap space
#   This process is running with CompressedOops enabled, and the Java Heap may be blocking the growth of the native heap
# Possible solutions:
#   Reduce memory load on the system
#   Increase physical memory or swap space
#   Check if swap backing store is full
#   Decrease Java heap size (-Xmx/-Xms)
#   Decrease number of Java threads
#   Decrease Java thread stack sizes (-Xss)
#   Set larger code cache with -XX:ReservedCodeCacheSize=
#   JVM is running with Unscaled Compressed Oops mode in which the Java heap is
#     placed in the first 4GB address space. The Java Heap base address is the
#     maximum limit for the native heap growth. Please use -XX:HeapBaseMinAddress
#     to set the Java Heap base and to place the Java Heap above 4GB virtual address.
# This output file may be truncated or incomplete.
#
#  Out of Memory Error (allocation.cpp:44), pid=32848, tid=2572
#
# JRE version: OpenJDK Runtime Environment Temurin-21.0.10+7 (21.0.10+7) (build 21.0.10+7-LTS)
# Java VM: OpenJDK 64-Bit Server VM Temurin-21.0.10+7 (21.0.10+7-LTS, mixed mode, sharing, tiered, compressed oops, compressed class ptrs, parallel gc, windows-amd64)
# No core dump will be written. Minidumps are not enabled by default on client versions of Windows
#

---------------  S U M M A R Y ------------

Command Line: --add-modules=ALL-SYSTEM --add-opens=java.base/java.util=ALL-UNNAMED --add-opens=java.base/java.lang=ALL-UNNAMED --add-opens=java.base/sun.nio.fs=ALL-UNNAMED -Declipse.application=org.eclipse.jdt.ls.core.id1 -Dosgi.bundles.defaultStartLevel=4 -Declipse.product=org.eclipse.jdt.ls.core.product -Djava.import.generatesMetadataFilesAtProjectRoot=false -DDetectVMInstallationsJob.disabled=true -Dfile.encoding=utf8 -XX:+UseParallelGC -XX:GCTimeRatio=4 -XX:AdaptiveSizePolicyWeight=90 -Dsun.zip.disableMemoryMapping=true -Xmx2G -Xms100m -Xlog:disable -javaagent:c:\Users\karop\.vscode\extensions\redhat.java-1.54.0-win32-x64\lombok\lombok-1.18.39-4050.jar -XX:+HeapDumpOnOutOfMemoryError -XX:HeapDumpPath=c:\Users\karop\AppData\Roaming\Code\User\workspaceStorage\2db5e0e27045ffa926bc20ac7b6fe803\redhat.java -Daether.dependencyCollector.impl=bf c:\Users\karop\.vscode\extensions\redhat.java-1.54.0-win32-x64\server\plugins\org.eclipse.equinox.launcher_1.7.100.v20251111-0406.jar -configuration c:\Users\karop\AppData\Roaming\Code\User\globalStorage\redhat.java\1.54.0\config_win -data c:\Users\karop\AppData\Roaming\Code\User\workspaceStorage\2db5e0e27045ffa926bc20ac7b6fe803\redhat.java\jdt_ws --pipe=\\.\pipe\lsp-112d4bf80672c7425e34cf4dbe09f591-sock

Host: AMD Ryzen 5 5600G with Radeon Graphics         , 12 cores, 15G,  Windows 11 , 64 bit Build 26100 (10.0.26100.8246)
Time: Tue May  5 16:28:01 2026 W. Europe Summer Time elapsed time: 4376.226732 seconds (0d 1h 12m 56s)

---------------  T H R E A D  ---------------

Current thread (0x0000022c41037530):  JavaThread "Attach Listener" daemon [_thread_in_vm, id=2572, stack(0x0000009c2a000000,0x0000009c2a100000) (1024K)]

Stack: [0x0000009c2a000000,0x0000009c2a100000]
Native frames: (J=compiled Java code, j=interpreted, Vv=VM code, C=native code)
V  [jvm.dll+0x6d7a39]
V  [jvm.dll+0x8b4b26]
V  [jvm.dll+0x8b70de]
V  [jvm.dll+0x8b77c3]
V  [jvm.dll+0x284346]
V  [jvm.dll+0xc1277]
V  [jvm.dll+0x6d82e9]
V  [jvm.dll+0x1334a6]
V  [jvm.dll+0x3f857e]
V  [jvm.dll+0x85f59d]
V  [jvm.dll+0x6d626d]
C  [ucrtbase.dll+0x37b0]
C  [KERNEL32.DLL+0x2e8d7]
C  [ntdll.dll+0x8c3fc]


---------------  P R O C E S S  ---------------

Threads class SMR info:
_java_thread_list=0x0000022ca539dd90, length=39, elements={
0x0000022c40f8e050, 0x0000022c41030fd0, 0x0000022c41033d70, 0x0000022c410368d0,
0x0000022c41037530, 0x0000022c4103bc40, 0x0000022c41044160, 0x0000022c4104c510,
0x0000022c9bac4bc0, 0x0000022c9bd102b0, 0x0000022c9bdeb820, 0x0000022ca17eeda0,
0x0000022ca16b5a60, 0x0000022ca1981440, 0x0000022ca1982290, 0x0000022ca21fe010,
0x0000022ca233fba0, 0x0000022ca1b79090, 0x0000022ca19fdb00, 0x0000022ca19fcde0,
0x0000022ca19feeb0, 0x0000022ca19fe820, 0x0000022ca1a00260, 0x0000022ca19fd470,
0x0000022ca34fdf00, 0x0000022ca34fec20, 0x0000022ca3500660, 0x0000022ca34ff940,
0x0000022ca34fffd0, 0x0000022ca34fd1e0, 0x0000022ca34fe590, 0x0000022ca34fd870,
0x0000022ca34ff2b0, 0x0000022ca3d7d000, 0x0000022ca3d7bc50, 0x0000022ca3d7af30,
0x0000022ca3d7c970, 0x0000022ca3d7b5c0, 0x0000022ca121d020
}

Java Threads: ( => current thread )
  0x0000022c40f8e050 JavaThread "main"                              [_thread_blocked, id=29932, stack(0x0000009c29900000,0x0000009c29a00000) (1024K)]
  0x0000022c41030fd0 JavaThread "Reference Handler"          daemon [_thread_blocked, id=10464, stack(0x0000009c29d00000,0x0000009c29e00000) (1024K)]
  0x0000022c41033d70 JavaThread "Finalizer"                  daemon [_thread_blocked, id=25100, stack(0x0000009c29e00000,0x0000009c29f00000) (1024K)]
  0x0000022c410368d0 JavaThread "Signal Dispatcher"          daemon [_thread_blocked, id=10436, stack(0x0000009c29f00000,0x0000009c2a000000) (1024K)]
=>0x0000022c41037530 JavaThread "Attach Listener"            daemon [_thread_in_vm, id=2572, stack(0x0000009c2a000000,0x0000009c2a100000) (1024K)]
  0x0000022c4103bc40 JavaThread "Service Thread"             daemon [_thread_blocked, id=26648, stack(0x0000009c2a100000,0x0000009c2a200000) (1024K)]
  0x0000022c41044160 JavaThread "Monitor Deflation Thread"   daemon [_thread_blocked, id=14604, stack(0x0000009c2a200000,0x0000009c2a300000) (1024K)]
  0x0000022c4104c510 JavaThread "C2 CompilerThread0"         daemon [_thread_blocked, id=876, stack(0x0000009c2a300000,0x0000009c2a400000) (1024K)]
  0x0000022c9bac4bc0 JavaThread "C1 CompilerThread0"         daemon [_thread_blocked, id=38036, stack(0x0000009c2a400000,0x0000009c2a500000) (1024K)]
  0x0000022c9bd102b0 JavaThread "Common-Cleaner"             daemon [_thread_blocked, id=38276, stack(0x0000009c2a500000,0x0000009c2a600000) (1024K)]
  0x0000022c9bdeb820 JavaThread "Notification Thread"        daemon [_thread_blocked, id=7252, stack(0x0000009c2a700000,0x0000009c2a800000) (1024K)]
  0x0000022ca17eeda0 JavaThread "Active Thread: Equinox Container: 1ae13aa7-9c53-41a6-bffc-bfefdf0dbee5"        [_thread_blocked, id=9472, stack(0x0000009c2af00000,0x0000009c2b000000) (1024K)]
  0x0000022ca16b5a60 JavaThread "Refresh Thread: Equinox Container: 1ae13aa7-9c53-41a6-bffc-bfefdf0dbee5" daemon [_thread_blocked, id=15008, stack(0x0000009c2b100000,0x0000009c2b200000) (1024K)]
  0x0000022ca1981440 JavaThread "Framework Event Dispatcher: Equinox Container: 1ae13aa7-9c53-41a6-bffc-bfefdf0dbee5" daemon [_thread_blocked, id=35804, stack(0x0000009c2b200000,0x0000009c2b300000) (1024K)]
  0x0000022ca1982290 JavaThread "Start Level: Equinox Container: 1ae13aa7-9c53-41a6-bffc-bfefdf0dbee5" daemon [_thread_blocked, id=15636, stack(0x0000009c2b300000,0x0000009c2b400000) (1024K)]
  0x0000022ca21fe010 JavaThread "Bundle File Closer"         daemon [_thread_blocked, id=33076, stack(0x0000009c2b600000,0x0000009c2b700000) (1024K)]
  0x0000022ca233fba0 JavaThread "SCR Component Actor"        daemon [_thread_blocked, id=22472, stack(0x0000009c2a600000,0x0000009c2a700000) (1024K)]
  0x0000022ca1b79090 JavaThread "Worker-JM"                         [_thread_blocked, id=19852, stack(0x0000009c2b800000,0x0000009c2b900000) (1024K)]
  0x0000022ca19fdb00 JavaThread "JNA Cleaner"                daemon [_thread_blocked, id=36748, stack(0x0000009c2a800000,0x0000009c2a900000) (1024K)]
  0x0000022ca19fcde0 JavaThread "Worker-1"                          [_thread_blocked, id=37540, stack(0x0000009c2b900000,0x0000009c2ba00000) (1024K)]
  0x0000022ca19feeb0 JavaThread "Java indexing"              daemon [_thread_blocked, id=17936, stack(0x0000009c2bb00000,0x0000009c2bc00000) (1024K)]
  0x0000022ca19fe820 JavaThread "Worker-4"                          [_thread_blocked, id=30260, stack(0x0000009c2c000000,0x0000009c2c100000) (1024K)]
  0x0000022ca1a00260 JavaThread "Thread-1"                   daemon [_thread_in_native, id=17524, stack(0x0000009c2c200000,0x0000009c2c300000) (1024K)]
  0x0000022ca19fd470 JavaThread "Thread-2"                   daemon [_thread_in_native, id=3800, stack(0x0000009c2c300000,0x0000009c2c400000) (1024K)]
  0x0000022ca34fdf00 JavaThread "Thread-3"                   daemon [_thread_in_native, id=33124, stack(0x0000009c2c400000,0x0000009c2c500000) (1024K)]
  0x0000022ca34fec20 JavaThread "Thread-4"                   daemon [_thread_in_native, id=9928, stack(0x0000009c2c500000,0x0000009c2c600000) (1024K)]
  0x0000022ca3500660 JavaThread "Thread-5"                   daemon [_thread_in_native, id=27060, stack(0x0000009c2c600000,0x0000009c2c700000) (1024K)]
  0x0000022ca34ff940 JavaThread "Thread-6"                   daemon [_thread_in_native, id=38596, stack(0x0000009c2c700000,0x0000009c2c800000) (1024K)]
  0x0000022ca34fffd0 JavaThread "Thread-7"                   daemon [_thread_in_native, id=31332, stack(0x0000009c2c800000,0x0000009c2c900000) (1024K)]
  0x0000022ca34fd1e0 JavaThread "Thread-8"                   daemon [_thread_in_native, id=12600, stack(0x0000009c2c900000,0x0000009c2ca00000) (1024K)]
  0x0000022ca34fe590 JavaThread "Thread-9"                   daemon [_thread_in_native, id=33084, stack(0x0000009c2ca00000,0x0000009c2cb00000) (1024K)]
  0x0000022ca34fd870 JavaThread "Thread-10"                  daemon [_thread_in_native, id=3384, stack(0x0000009c2cb00000,0x0000009c2cc00000) (1024K)]
  0x0000022ca34ff2b0 JavaThread "Thread-11"                  daemon [_thread_in_native, id=15148, stack(0x0000009c2cc00000,0x0000009c2cd00000) (1024K)]
  0x0000022ca3d7d000 JavaThread "Thread-12"                  daemon [_thread_in_native, id=31308, stack(0x0000009c2cd00000,0x0000009c2ce00000) (1024K)]
  0x0000022ca3d7bc50 JavaThread "Thread-13"                  daemon [_thread_in_native, id=38840, stack(0x0000009c2ce00000,0x0000009c2cf00000) (1024K)]
  0x0000022ca3d7af30 JavaThread "pool-2-thread-1"                   [_thread_blocked, id=36416, stack(0x0000009c2d000000,0x0000009c2d100000) (1024K)]
  0x0000022ca3d7c970 JavaThread "WorkspaceEventsHandler"            [_thread_blocked, id=21080, stack(0x0000009c2d100000,0x0000009c2d200000) (1024K)]
  0x0000022ca3d7b5c0 JavaThread "pool-1-thread-1"                   [_thread_blocked, id=37772, stack(0x0000009c2d200000,0x0000009c2d300000) (1024K)]
  0x0000022ca121d020 JavaThread "Cleaner-0"                  daemon [_thread_blocked, id=7736, stack(0x0000009c2dc00000,0x0000009c2dd00000) (1024K)]
Total: 39

Other Threads:
  0x0000022c41030c10 VMThread "VM Thread"                           [id=26952, stack(0x0000009c29c00000,0x0000009c29d00000) (1024K)]
  0x0000022c5951ca10 WatcherThread "VM Periodic Task Thread"        [id=37304, stack(0x0000009c29b00000,0x0000009c29c00000) (1024K)]
  0x0000022c40fad530 WorkerThread "GC Thread#0"                     [id=25520, stack(0x0000009c29a00000,0x0000009c29b00000) (1024K)]
  0x0000022ca1723960 WorkerThread "GC Thread#1"                     [id=29760, stack(0x0000009c2a900000,0x0000009c2aa00000) (1024K)]
  0x0000022ca125fff0 WorkerThread "GC Thread#2"                     [id=38320, stack(0x0000009c2aa00000,0x0000009c2ab00000) (1024K)]
  0x0000022ca12607b0 WorkerThread "GC Thread#3"                     [id=3132, stack(0x0000009c2ab00000,0x0000009c2ac00000) (1024K)]
  0x0000022ca1260b60 WorkerThread "GC Thread#4"                     [id=8868, stack(0x0000009c2ac00000,0x0000009c2ad00000) (1024K)]
  0x0000022ca1263320 WorkerThread "GC Thread#5"                     [id=9972, stack(0x0000009c2ad00000,0x0000009c2ae00000) (1024K)]
  0x0000022ca12636d0 WorkerThread "GC Thread#6"                     [id=7492, stack(0x0000009c2ae00000,0x0000009c2af00000) (1024K)]
  0x0000022ca1684f30 WorkerThread "GC Thread#7"                     [id=4908, stack(0x0000009c2b000000,0x0000009c2b100000) (1024K)]
  0x0000022ca1dd2b60 WorkerThread "GC Thread#8"                     [id=13888, stack(0x0000009c2b400000,0x0000009c2b500000) (1024K)]
  0x0000022ca1dd2f10 WorkerThread "GC Thread#9"                     [id=11564, stack(0x0000009c2b500000,0x0000009c2b600000) (1024K)]
Total: 12

Threads with active compile tasks:
Total: 0

VM state: not at safepoint (normal execution)

VM Mutex/Monitor currently owned by a thread: None

Heap address: 0x0000000080000000, size: 2048 MB, Compressed Oops mode: 32-bit

CDS archive(s) mapped at: [0x0000022c5a000000-0x0000022c5aba0000-0x0000022c5aba0000), size 12189696, SharedBaseAddress: 0x0000022c5a000000, ArchiveRelocationMode: 1.
Compressed class space mapped at: 0x0000022c5b000000-0x0000022c9b000000, reserved size: 1073741824
Narrow klass base: 0x0000022c5a000000, Narrow klass shift: 0, Narrow klass range: 0x100000000

GC Precious Log:
 CardTable entry size: 512
 CPUs: 12 total, 12 available
 Memory: 16212M
 Large Page Support: Disabled
 NUMA Support: Disabled
 Compressed Oops: Enabled (32-bit)
 Alignments: Space 512K, Generation 512K, Heap 2M
 Heap Min Capacity: 100M
 Heap Initial Capacity: 100M
 Heap Max Capacity: 2G
 Pre-touch: Disabled
 Parallel Workers: 10

Heap:
 PSYoungGen      total 22528K, used 19676K [0x00000000d5580000, 0x00000000d6d80000, 0x0000000100000000)
  eden space 20992K, 88% used [0x00000000d5580000,0x00000000d6798b88,0x00000000d6a00000)
  from space 1536K, 74% used [0x00000000d6a80000,0x00000000d6b9e798,0x00000000d6c00000)
  to   space 1536K, 0% used [0x00000000d6c00000,0x00000000d6c00000,0x00000000d6d80000)
 ParOldGen       total 68608K, used 44393K [0x0000000080000000, 0x0000000084300000, 0x00000000d5580000)
  object space 68608K, 64% used [0x0000000080000000,0x0000000082b5a5e0,0x0000000084300000)
 Metaspace       used 67197K, committed 68608K, reserved 1114112K
  class space    used 7148K, committed 7744K, reserved 1048576K

Card table byte_map: [0x0000022c54980000,0x0000022c54d90000] _byte_map_base: 0x0000022c54580000

Marking Bits: (ParMarkBitMap*) 0x00007ff9a2313450
 Begin Bits: [0x0000022c55040000, 0x0000022c57040000)
 End Bits:   [0x0000022c57040000, 0x0000022c59040000)

Polling page: 0x0000022c40d10000

Metaspace:

Usage:
  Non-class:     58.64 MB used.
      Class:      6.98 MB used.
       Both:     65.62 MB used.

Virtual space:
  Non-class space:       64.00 MB reserved,      59.44 MB ( 93%) committed,  1 nodes.
      Class space:        1.00 GB reserved,       7.56 MB ( <1%) committed,  1 nodes.
             Both:        1.06 GB reserved,      67.00 MB (  6%) committed. 

Chunk freelists:
   Non-Class:  4.19 MB
       Class:  8.26 MB
        Both:  12.46 MB

MaxMetaspaceSize: unlimited
CompressedClassSpaceSize: 1.00 GB
Initial GC threshold: 21.00 MB
Current GC threshold: 97.81 MB
CDS: on
 - commit_granule_bytes: 65536.
 - commit_granule_words: 8192.
 - virtual_space_node_default_size: 8388608.
 - enlarge_chunks_in_place: 1.
 - use_allocation_guard: 0.


Internal statistics:

num_allocs_failed_limit: 17.
num_arena_births: 1176.
num_arena_deaths: 14.
num_vsnodes_births: 2.
num_vsnodes_deaths: 0.
num_space_committed: 1072.
num_space_uncommitted: 0.
num_chunks_returned_to_freelist: 31.
num_chunks_taken_from_freelist: 4370.
num_chunk_merges: 22.
num_chunk_splits: 2689.
num_chunks_enlarged: 1500.
num_inconsistent_stats: 0.

CodeHeap 'non-profiled nmethods': size=120000Kb used=6303Kb max_used=6303Kb free=113697Kb
 bounds [0x0000022c4d270000, 0x0000022c4d8a0000, 0x0000022c547a0000]
CodeHeap 'profiled nmethods': size=120000Kb used=18707Kb max_used=18707Kb free=101292Kb
 bounds [0x0000022c457a0000, 0x0000022c469f0000, 0x0000022c4ccd0000]
CodeHeap 'non-nmethods': size=5760Kb used=1448Kb max_used=1515Kb free=4311Kb
 bounds [0x0000022c4ccd0000, 0x0000022c4cf40000, 0x0000022c4d270000]
CodeCache: size=245760Kb, used=26458Kb, max_used=26525Kb, free=219300Kb
 total_blobs=9502, nmethods=8733, adapters=675, full_count=0
Compilation: enabled, stopped_count=0, restarted_count=0

Compilation events (20 events):
Event: 3440.170 Thread 0x0000022c9bac4bc0 9505   !   3       java.lang.ref.ReferenceQueue::remove (61 bytes)
Event: 3440.173 Thread 0x0000022c9bac4bc0 nmethod 9505 0x0000022c469e0890 code [0x0000022c469e0b20, 0x0000022c469e16a8]
Event: 3440.173 Thread 0x0000022c9bac4bc0 9506       3       java.lang.ref.ReferenceQueue::remove0 (64 bytes)
Event: 3440.174 Thread 0x0000022c9bac4bc0 nmethod 9506 0x0000022c469e1a90 code [0x0000022c469e1ca0, 0x0000022c469e2120]
Event: 3485.375 Thread 0x0000022c9bac4bc0 9507       3       java.util.concurrent.locks.AbstractQueuedSynchronizer$ConditionObject::await (202 bytes)
Event: 3485.378 Thread 0x0000022c9bac4bc0 nmethod 9507 0x0000022c469e2290 code [0x0000022c469e2580, 0x0000022c469e33b0]
Event: 3512.149 Thread 0x0000022c9bac4bc0 9508       1       org.eclipse.osgi.internal.location.BasicLocation::isReadOnly (5 bytes)
Event: 3512.150 Thread 0x0000022c9bac4bc0 nmethod 9508 0x0000022c4d897010 code [0x0000022c4d8971a0, 0x0000022c4d897270]
Event: 3529.226 Thread 0x0000022c4104c510 9509       4       jdk.internal.misc.Unsafe::putIntOpaque (9 bytes)
Event: 3529.227 Thread 0x0000022c4104c510 nmethod 9509 0x0000022c4d897310 code [0x0000022c4d8974a0, 0x0000022c4d897538]
Event: 3740.206 Thread 0x0000022c9bac4bc0 9510       3       java.lang.ref.ReferenceQueue::await (15 bytes)
Event: 3740.207 Thread 0x0000022c9bac4bc0 nmethod 9510 0x0000022c469e3990 code [0x0000022c469e3b40, 0x0000022c469e3ce0]
Event: 3847.367 Thread 0x0000022c9bac4bc0 9511       1       com.sun.jna.internal.Cleaner::access$200 (5 bytes)
Event: 3847.370 Thread 0x0000022c9bac4bc0 nmethod 9511 0x0000022c4d897610 code [0x0000022c4d8977a0, 0x0000022c4d897850]
Event: 3849.521 Thread 0x0000022c9bac4bc0 9512       3       java.lang.ProcessHandleImpl::get (51 bytes)
Event: 3849.524 Thread 0x0000022c9bac4bc0 nmethod 9512 0x0000022c469e3e10 code [0x0000022c469e4020, 0x0000022c469e4628]
Event: 3849.524 Thread 0x0000022c9bac4bc0 9513       3       java.lang.ProcessHandleImpl::isAlive (44 bytes)
Event: 3849.525 Thread 0x0000022c9bac4bc0 nmethod 9513 0x0000022c469e4890 code [0x0000022c469e4a40, 0x0000022c469e4ca0]
Event: 3904.766 Thread 0x0000022c9bac4bc0 9514       1       org.eclipse.core.internal.jobs.InternalJob::setStartTime (6 bytes)
Event: 3904.766 Thread 0x0000022c9bac4bc0 nmethod 9514 0x0000022c4d897910 code [0x0000022c4d897aa0, 0x0000022c4d897b80]

GC Heap History (20 events):
Event: 13.943 GC heap before
{Heap before GC invocations=33 (full 2):
 PSYoungGen      total 21504K, used 21152K [0x00000000d5580000, 0x00000000d6d00000, 0x0000000100000000)
  eden space 20992K, 100% used [0x00000000d5580000,0x00000000d6a00000,0x00000000d6a00000)
  from space 512K, 31% used [0x00000000d6c80000,0x00000000d6ca8000,0x00000000d6d00000)
  to   space 1024K, 0% used [0x00000000d6b00000,0x00000000d6b00000,0x00000000d6c00000)
 ParOldGen       total 68608K, used 40476K [0x0000000080000000, 0x0000000084300000, 0x00000000d5580000)
  object space 68608K, 58% used [0x0000000080000000,0x0000000082787138,0x0000000084300000)
 Metaspace       used 55532K, committed 56960K, reserved 1114112K
  class space    used 6055K, committed 6720K, reserved 1048576K
}
Event: 13.945 GC heap after
{Heap after GC invocations=33 (full 2):
 PSYoungGen      total 22016K, used 1006K [0x00000000d5580000, 0x00000000d7400000, 0x0000000100000000)
  eden space 20992K, 0% used [0x00000000d5580000,0x00000000d5580000,0x00000000d6a00000)
  from space 1024K, 98% used [0x00000000d6b00000,0x00000000d6bfbb30,0x00000000d6c00000)
  to   space 5120K, 0% used [0x00000000d6f00000,0x00000000d6f00000,0x00000000d7400000)
 ParOldGen       total 68608K, used 43548K [0x0000000080000000, 0x0000000084300000, 0x00000000d5580000)
  object space 68608K, 63% used [0x0000000080000000,0x0000000082a87138,0x0000000084300000)
 Metaspace       used 55532K, committed 56960K, reserved 1114112K
  class space    used 6055K, committed 6720K, reserved 1048576K
}
Event: 14.247 GC heap before
{Heap before GC invocations=34 (full 2):
 PSYoungGen      total 22016K, used 21998K [0x00000000d5580000, 0x00000000d7400000, 0x0000000100000000)
  eden space 20992K, 100% used [0x00000000d5580000,0x00000000d6a00000,0x00000000d6a00000)
  from space 1024K, 98% used [0x00000000d6b00000,0x00000000d6bfbb30,0x00000000d6c00000)
  to   space 5120K, 0% used [0x00000000d6f00000,0x00000000d6f00000,0x00000000d7400000)
 ParOldGen       total 68608K, used 43548K [0x0000000080000000, 0x0000000084300000, 0x00000000d5580000)
  object space 68608K, 63% used [0x0000000080000000,0x0000000082a87138,0x0000000084300000)
 Metaspace       used 57550K, committed 58944K, reserved 1114112K
  class space    used 6270K, committed 6912K, reserved 1048576K
}
Event: 14.250 GC heap after
{Heap after GC invocations=34 (full 2):
 PSYoungGen      total 22528K, used 1499K [0x00000000d5580000, 0x00000000d7080000, 0x0000000100000000)
  eden space 20992K, 0% used [0x00000000d5580000,0x00000000d5580000,0x00000000d6a00000)
  from space 1536K, 97% used [0x00000000d6f00000,0x00000000d7076cb8,0x00000000d7080000)
  to   space 2560K, 0% used [0x00000000d6b80000,0x00000000d6b80000,0x00000000d6e00000)
 ParOldGen       total 68608K, used 44019K [0x0000000080000000, 0x0000000084300000, 0x00000000d5580000)
  object space 68608K, 64% used [0x0000000080000000,0x0000000082afcc48,0x0000000084300000)
 Metaspace       used 57550K, committed 58944K, reserved 1114112K
  class space    used 6270K, committed 6912K, reserved 1048576K
}
Event: 14.375 GC heap before
{Heap before GC invocations=35 (full 2):
 PSYoungGen      total 22528K, used 22491K [0x00000000d5580000, 0x00000000d7080000, 0x0000000100000000)
  eden space 20992K, 100% used [0x00000000d5580000,0x00000000d6a00000,0x00000000d6a00000)
  from space 1536K, 97% used [0x00000000d6f00000,0x00000000d7076cb8,0x00000000d7080000)
  to   space 2560K, 0% used [0x00000000d6b80000,0x00000000d6b80000,0x00000000d6e00000)
 ParOldGen       total 68608K, used 44019K [0x0000000080000000, 0x0000000084300000, 0x00000000d5580000)
  object space 68608K, 64% used [0x0000000080000000,0x0000000082afcc48,0x0000000084300000)
 Metaspace       used 58319K, committed 59712K, reserved 1114112K
  class space    used 6335K, committed 6912K, reserved 1048576K
}
Event: 14.376 GC heap after
{Heap after GC invocations=35 (full 2):
 PSYoungGen      total 23552K, used 1190K [0x00000000d5580000, 0x00000000d6f80000, 0x0000000100000000)
  eden space 20992K, 0% used [0x00000000d5580000,0x00000000d5580000,0x00000000d6a00000)
  from space 2560K, 46% used [0x00000000d6b80000,0x00000000d6ca9920,0x00000000d6e00000)
  to   space 1536K, 0% used [0x00000000d6e00000,0x00000000d6e00000,0x00000000d6f80000)
 ParOldGen       total 68608K, used 45257K [0x0000000080000000, 0x0000000084300000, 0x00000000d5580000)
  object space 68608K, 65% used [0x0000000080000000,0x0000000082c32750,0x0000000084300000)
 Metaspace       used 58319K, committed 59712K, reserved 1114112K
  class space    used 6335K, committed 6912K, reserved 1048576K
}
Event: 14.392 GC heap before
{Heap before GC invocations=36 (full 2):
 PSYoungGen      total 23552K, used 2683K [0x00000000d5580000, 0x00000000d6f80000, 0x0000000100000000)
  eden space 20992K, 7% used [0x00000000d5580000,0x00000000d56f54f8,0x00000000d6a00000)
  from space 2560K, 46% used [0x00000000d6b80000,0x00000000d6ca9920,0x00000000d6e00000)
  to   space 1536K, 0% used [0x00000000d6e00000,0x00000000d6e00000,0x00000000d6f80000)
 ParOldGen       total 68608K, used 45257K [0x0000000080000000, 0x0000000084300000, 0x00000000d5580000)
  object space 68608K, 65% used [0x0000000080000000,0x0000000082c32750,0x0000000084300000)
 Metaspace       used 58432K, committed 59840K, reserved 1114112K
  class space    used 6343K, committed 6912K, reserved 1048576K
}
Event: 14.393 GC heap after
{Heap after GC invocations=36 (full 2):
 PSYoungGen      total 21504K, used 384K [0x00000000d5580000, 0x00000000d6e80000, 0x0000000100000000)
  eden space 20992K, 0% used [0x00000000d5580000,0x00000000d5580000,0x00000000d6a00000)
  from space 512K, 75% used [0x00000000d6e00000,0x00000000d6e60000,0x00000000d6e80000)
  to   space 1024K, 0% used [0x00000000d6c80000,0x00000000d6c80000,0x00000000d6d80000)
 ParOldGen       total 68608K, used 46260K [0x0000000080000000, 0x0000000084300000, 0x00000000d5580000)
  object space 68608K, 67% used [0x0000000080000000,0x0000000082d2d000,0x0000000084300000)
 Metaspace       used 58432K, committed 59840K, reserved 1114112K
  class space    used 6343K, committed 6912K, reserved 1048576K
}
Event: 14.420 GC heap before
{Heap before GC invocations=37 (full 2):
 PSYoungGen      total 21504K, used 2075K [0x00000000d5580000, 0x00000000d6e80000, 0x0000000100000000)
  eden space 20992K, 8% used [0x00000000d5580000,0x00000000d5726ff0,0x00000000d6a00000)
  from space 512K, 75% used [0x00000000d6e00000,0x00000000d6e60000,0x00000000d6e80000)
  to   space 1024K, 0% used [0x00000000d6c80000,0x00000000d6c80000,0x00000000d6d80000)
 ParOldGen       total 68608K, used 46260K [0x0000000080000000, 0x0000000084300000, 0x00000000d5580000)
  object space 68608K, 67% used [0x0000000080000000,0x0000000082d2d000,0x0000000084300000)
 Metaspace       used 58698K, committed 60096K, reserved 1114112K
  class space    used 6379K, committed 6976K, reserved 1048576K
}
Event: 14.421 GC heap after
{Heap after GC invocations=37 (full 2):
 PSYoungGen      total 22016K, used 352K [0x00000000d5580000, 0x00000000d6e80000, 0x0000000100000000)
  eden space 20992K, 0% used [0x00000000d5580000,0x00000000d5580000,0x00000000d6a00000)
  from space 1024K, 34% used [0x00000000d6c80000,0x00000000d6cd8000,0x00000000d6d80000)
  to   space 512K, 0% used [0x00000000d6e00000,0x00000000d6e00000,0x00000000d6e80000)
 ParOldGen       total 68608K, used 46340K [0x0000000080000000, 0x0000000084300000, 0x00000000d5580000)
  object space 68608K, 67% used [0x0000000080000000,0x0000000082d41000,0x0000000084300000)
 Metaspace       used 58698K, committed 60096K, reserved 1114112K
  class space    used 6379K, committed 6976K, reserved 1048576K
}
Event: 14.421 GC heap before
{Heap before GC invocations=38 (full 3):
 PSYoungGen      total 22016K, used 352K [0x00000000d5580000, 0x00000000d6e80000, 0x0000000100000000)
  eden space 20992K, 0% used [0x00000000d5580000,0x00000000d5580000,0x00000000d6a00000)
  from space 1024K, 34% used [0x00000000d6c80000,0x00000000d6cd8000,0x00000000d6d80000)
  to   space 512K, 0% used [0x00000000d6e00000,0x00000000d6e00000,0x00000000d6e80000)
 ParOldGen       total 68608K, used 46340K [0x0000000080000000, 0x0000000084300000, 0x00000000d5580000)
  object space 68608K, 67% used [0x0000000080000000,0x0000000082d41000,0x0000000084300000)
 Metaspace       used 58698K, committed 60096K, reserved 1114112K
  class space    used 6379K, committed 6976K, reserved 1048576K
}
Event: 14.477 GC heap after
{Heap after GC invocations=38 (full 3):
 PSYoungGen      total 22016K, used 0K [0x00000000d5580000, 0x00000000d6e80000, 0x0000000100000000)
  eden space 20992K, 0% used [0x00000000d5580000,0x00000000d5580000,0x00000000d6a00000)
  from space 1024K, 0% used [0x00000000d6c80000,0x00000000d6c80000,0x00000000d6d80000)
  to   space 512K, 0% used [0x00000000d6e00000,0x00000000d6e00000,0x00000000d6e80000)
 ParOldGen       total 68608K, used 40077K [0x0000000080000000, 0x0000000084300000, 0x00000000d5580000)
  object space 68608K, 58% used [0x0000000080000000,0x0000000082723410,0x0000000084300000)
 Metaspace       used 58698K, committed 60096K, reserved 1114112K
  class space    used 6379K, committed 6976K, reserved 1048576K
}
Event: 14.840 GC heap before
{Heap before GC invocations=39 (full 3):
 PSYoungGen      total 22016K, used 20992K [0x00000000d5580000, 0x00000000d6e80000, 0x0000000100000000)
  eden space 20992K, 100% used [0x00000000d5580000,0x00000000d6a00000,0x00000000d6a00000)
  from space 1024K, 0% used [0x00000000d6c80000,0x00000000d6c80000,0x00000000d6d80000)
  to   space 512K, 0% used [0x00000000d6e00000,0x00000000d6e00000,0x00000000d6e80000)
 ParOldGen       total 68608K, used 40077K [0x0000000080000000, 0x0000000084300000, 0x00000000d5580000)
  object space 68608K, 58% used [0x0000000080000000,0x0000000082723410,0x0000000084300000)
 Metaspace       used 61136K, committed 62528K, reserved 1114112K
  class space    used 6584K, committed 7168K, reserved 1048576K
}
Event: 14.841 GC heap after
{Heap after GC invocations=39 (full 3):
 PSYoungGen      total 21504K, used 496K [0x00000000d5580000, 0x00000000d6e80000, 0x0000000100000000)
  eden space 20992K, 0% used [0x00000000d5580000,0x00000000d5580000,0x00000000d6a00000)
  from space 512K, 97% used [0x00000000d6e00000,0x00000000d6e7c3d8,0x00000000d6e80000)
  to   space 2048K, 0% used [0x00000000d6a80000,0x00000000d6a80000,0x00000000d6c80000)
 ParOldGen       total 68608K, used 41266K [0x0000000080000000, 0x0000000084300000, 0x00000000d5580000)
  object space 68608K, 60% used [0x0000000080000000,0x000000008284c900,0x0000000084300000)
 Metaspace       used 61136K, committed 62528K, reserved 1114112K
  class space    used 6584K, committed 7168K, reserved 1048576K
}
Event: 15.016 GC heap before
{Heap before GC invocations=40 (full 3):
 PSYoungGen      total 21504K, used 21488K [0x00000000d5580000, 0x00000000d6e80000, 0x0000000100000000)
  eden space 20992K, 99% used [0x00000000d5580000,0x00000000d69ffff8,0x00000000d6a00000)
  from space 512K, 97% used [0x00000000d6e00000,0x00000000d6e7c3d8,0x00000000d6e80000)
  to   space 2048K, 0% used [0x00000000d6a80000,0x00000000d6a80000,0x00000000d6c80000)
 ParOldGen       total 68608K, used 41266K [0x0000000080000000, 0x0000000084300000, 0x00000000d5580000)
  object space 68608K, 60% used [0x0000000080000000,0x000000008284c900,0x0000000084300000)
 Metaspace       used 62768K, committed 64256K, reserved 1114112K
  class space    used 6742K, committed 7360K, reserved 1048576K
}
Event: 15.018 GC heap after
{Heap after GC invocations=40 (full 3):
 PSYoungGen      total 23040K, used 2021K [0x00000000d5580000, 0x00000000d7000000, 0x0000000100000000)
  eden space 20992K, 0% used [0x00000000d5580000,0x00000000d5580000,0x00000000d6a00000)
  from space 2048K, 98% used [0x00000000d6a80000,0x00000000d6c79658,0x00000000d6c80000)
  to   space 3072K, 0% used [0x00000000d6d00000,0x00000000d6d00000,0x00000000d7000000)
 ParOldGen       total 68608K, used 41790K [0x0000000080000000, 0x0000000084300000, 0x00000000d5580000)
  object space 68608K, 60% used [0x0000000080000000,0x00000000828cfa88,0x0000000084300000)
 Metaspace       used 62768K, committed 64256K, reserved 1114112K
  class space    used 6742K, committed 7360K, reserved 1048576K
}
Event: 61.442 GC heap before
{Heap before GC invocations=41 (full 3):
 PSYoungGen      total 23040K, used 23013K [0x00000000d5580000, 0x00000000d7000000, 0x0000000100000000)
  eden space 20992K, 100% used [0x00000000d5580000,0x00000000d6a00000,0x00000000d6a00000)
  from space 2048K, 98% used [0x00000000d6a80000,0x00000000d6c79658,0x00000000d6c80000)
  to   space 3072K, 0% used [0x00000000d6d00000,0x00000000d6d00000,0x00000000d7000000)
 ParOldGen       total 68608K, used 41790K [0x0000000080000000, 0x0000000084300000, 0x00000000d5580000)
  object space 68608K, 60% used [0x0000000080000000,0x00000000828cfa88,0x0000000084300000)
 Metaspace       used 64286K, committed 65664K, reserved 1114112K
  class space    used 6888K, committed 7488K, reserved 1048576K
}
Event: 61.443 GC heap after
{Heap after GC invocations=41 (full 3):
 PSYoungGen      total 22528K, used 1056K [0x00000000d5580000, 0x00000000d6e80000, 0x0000000100000000)
  eden space 20992K, 0% used [0x00000000d5580000,0x00000000d5580000,0x00000000d6a00000)
  from space 1536K, 68% used [0x00000000d6d00000,0x00000000d6e08000,0x00000000d6e80000)
  to   space 2048K, 0% used [0x00000000d6a80000,0x00000000d6a80000,0x00000000d6c80000)
 ParOldGen       total 68608K, used 43544K [0x0000000080000000, 0x0000000084300000, 0x00000000d5580000)
  object space 68608K, 63% used [0x0000000080000000,0x0000000082a86008,0x0000000084300000)
 Metaspace       used 64286K, committed 65664K, reserved 1114112K
  class space    used 6888K, committed 7488K, reserved 1048576K
}
Event: 319.800 GC heap before
{Heap before GC invocations=42 (full 3):
 PSYoungGen      total 22528K, used 22019K [0x00000000d5580000, 0x00000000d6e80000, 0x0000000100000000)
  eden space 20992K, 99% used [0x00000000d5580000,0x00000000d69f8d90,0x00000000d6a00000)
  from space 1536K, 68% used [0x00000000d6d00000,0x00000000d6e08000,0x00000000d6e80000)
  to   space 2048K, 0% used [0x00000000d6a80000,0x00000000d6a80000,0x00000000d6c80000)
 ParOldGen       total 68608K, used 43544K [0x0000000080000000, 0x0000000084300000, 0x00000000d5580000)
  object space 68608K, 63% used [0x0000000080000000,0x0000000082a86008,0x0000000084300000)
 Metaspace       used 65788K, committed 67200K, reserved 1114112K
  class space    used 7039K, committed 7680K, reserved 1048576K
}
Event: 319.803 GC heap after
{Heap after GC invocations=42 (full 3):
 PSYoungGen      total 22528K, used 1145K [0x00000000d5580000, 0x00000000d6d80000, 0x0000000100000000)
  eden space 20992K, 0% used [0x00000000d5580000,0x00000000d5580000,0x00000000d6a00000)
  from space 1536K, 74% used [0x00000000d6a80000,0x00000000d6b9e798,0x00000000d6c00000)
  to   space 1536K, 0% used [0x00000000d6c00000,0x00000000d6c00000,0x00000000d6d80000)
 ParOldGen       total 68608K, used 44393K [0x0000000080000000, 0x0000000084300000, 0x00000000d5580000)
  object space 68608K, 64% used [0x0000000080000000,0x0000000082b5a5e0,0x0000000084300000)
 Metaspace       used 65788K, committed 67200K, reserved 1114112K
  class space    used 7039K, committed 7680K, reserved 1048576K
}

Dll operation events (10 events):
Event: 0.013 Loaded shared library c:\Users\karop\.vscode\extensions\redhat.java-1.54.0-win32-x64\jre\21.0.10-win32-x86_64\bin\java.dll
Event: 0.072 Loaded shared library c:\Users\karop\.vscode\extensions\redhat.java-1.54.0-win32-x64\jre\21.0.10-win32-x86_64\bin\zip.dll
Event: 0.092 Loaded shared library C:\Users\karop\.vscode\extensions\redhat.java-1.54.0-win32-x64\jre\21.0.10-win32-x86_64\bin\instrument.dll
Event: 0.098 Loaded shared library C:\Users\karop\.vscode\extensions\redhat.java-1.54.0-win32-x64\jre\21.0.10-win32-x86_64\bin\net.dll
Event: 0.107 Loaded shared library C:\Users\karop\.vscode\extensions\redhat.java-1.54.0-win32-x64\jre\21.0.10-win32-x86_64\bin\nio.dll
Event: 0.112 Loaded shared library C:\Users\karop\.vscode\extensions\redhat.java-1.54.0-win32-x64\jre\21.0.10-win32-x86_64\bin\zip.dll
Event: 0.131 Loaded shared library C:\Users\karop\.vscode\extensions\redhat.java-1.54.0-win32-x64\jre\21.0.10-win32-x86_64\bin\jimage.dll
Event: 0.236 Loaded shared library c:\Users\karop\.vscode\extensions\redhat.java-1.54.0-win32-x64\jre\21.0.10-win32-x86_64\bin\verify.dll
Event: 1.261 Loaded shared library C:\Users\karop\AppData\Roaming\Code\User\globalStorage\redhat.java\1.54.0\config_win\org.eclipse.equinox.launcher\org.eclipse.equinox.launcher.win32.win32.x86_64_1.3.0.v20260203-2149\eclipse_11919.dll
Event: 4.543 Loaded shared library C:\Users\karop\AppData\Local\Temp\jna-101819581\jna6350744742048488389.dll

Deoptimization events (20 events):
Event: 319.870 Thread 0x0000022ca3d7a210 Uncommon trap: trap_request=0xffffffde fr.pc=0x0000022c4d2dbf34 relative=0x0000000000000274
Event: 319.870 Thread 0x0000022ca3d7a210 Uncommon trap: reason=class_check action=maybe_recompile pc=0x0000022c4d2dbf34 method=java.util.Comparator.lambda$comparing$77a9974f$1(Ljava/util/function/Function;Ljava/lang/Object;Ljava/lang/Object;)I @ 7 c2
Event: 319.870 Thread 0x0000022ca3d7a210 DEOPT PACKING pc=0x0000022c4d2dbf34 sp=0x0000009c2d3fde90
Event: 319.870 Thread 0x0000022ca3d7a210 DEOPT UNPACKING pc=0x0000022c4cd23aa2 sp=0x0000009c2d3fdda8 mode 2
Event: 319.870 Thread 0x0000022ca3d7a210 Uncommon trap: trap_request=0xffffffc6 fr.pc=0x0000022c4d2ff4d0 relative=0x0000000000000270
Event: 319.870 Thread 0x0000022ca3d7a210 Uncommon trap: reason=bimorphic_or_optimized_type_check action=maybe_recompile pc=0x0000022c4d2ff4d0 method=java.util.Comparator.lambda$thenComparing$36697e65$1(Ljava/util/Comparator;Ljava/lang/Object;Ljava/lang/Object;)I @ 23 c2
Event: 319.870 Thread 0x0000022ca3d7a210 DEOPT PACKING pc=0x0000022c4d2ff4d0 sp=0x0000009c2d3fdec0
Event: 319.870 Thread 0x0000022ca3d7a210 DEOPT UNPACKING pc=0x0000022c4cd23aa2 sp=0x0000009c2d3fddc8 mode 2
Event: 319.870 Thread 0x0000022ca3d7a210 Uncommon trap: trap_request=0xffffffc6 fr.pc=0x0000022c4d2ff4d0 relative=0x0000000000000270
Event: 319.870 Thread 0x0000022ca3d7a210 Uncommon trap: reason=bimorphic_or_optimized_type_check action=maybe_recompile pc=0x0000022c4d2ff4d0 method=java.util.Comparator.lambda$thenComparing$36697e65$1(Ljava/util/Comparator;Ljava/lang/Object;Ljava/lang/Object;)I @ 23 c2
Event: 319.870 Thread 0x0000022ca3d7a210 DEOPT PACKING pc=0x0000022c4d2ff4d0 sp=0x0000009c2d3fdec0
Event: 319.870 Thread 0x0000022ca3d7a210 DEOPT UNPACKING pc=0x0000022c4cd23aa2 sp=0x0000009c2d3fddc8 mode 2
Event: 319.916 Thread 0x0000022ca3d811a0 DEOPT PACKING pc=0x0000022c46025d84 sp=0x0000009c2dbfe940
Event: 319.916 Thread 0x0000022ca3d811a0 DEOPT UNPACKING pc=0x0000022c4cd24242 sp=0x0000009c2dbfddf8 mode 0
Event: 319.923 Thread 0x0000022ca3d7a210 Uncommon trap: trap_request=0xffffffc6 fr.pc=0x0000022c4d32be68 relative=0x00000000000009a8
Event: 319.923 Thread 0x0000022ca3d7a210 Uncommon trap: reason=bimorphic_or_optimized_type_check action=maybe_recompile pc=0x0000022c4d32be68 method=java.util.HashMap.computeIfAbsent(Ljava/lang/Object;Ljava/util/function/Function;)Ljava/lang/Object; @ 286 c2
Event: 319.923 Thread 0x0000022ca3d7a210 DEOPT PACKING pc=0x0000022c4d32be68 sp=0x0000009c2d3fe890
Event: 319.923 Thread 0x0000022ca3d7a210 DEOPT UNPACKING pc=0x0000022c4cd23aa2 sp=0x0000009c2d3fe810 mode 2
Event: 320.032 Thread 0x0000022ca3d7a210 DEOPT PACKING pc=0x0000022c46025d84 sp=0x0000009c2d3fe710
Event: 320.032 Thread 0x0000022ca3d7a210 DEOPT UNPACKING pc=0x0000022c4cd24242 sp=0x0000009c2d3fdbc8 mode 0

Classes loaded (20 events):
Event: 31.155 Loading class sun/util/resources/TimeZoneNames_en
Event: 31.155 Loading class sun/util/resources/TimeZoneNames_en done
Event: 319.695 Loading class java/util/stream/ReferencePipeline$15
Event: 319.695 Loading class java/util/stream/ReferencePipeline$15 done
Event: 319.696 Loading class java/util/stream/ReferencePipeline$15$1
Event: 319.696 Loading class java/util/stream/ReferencePipeline$15$1 done
Event: 319.812 Loading class java/lang/MatchException
Event: 319.812 Loading class java/lang/MatchException done
Event: 319.918 Loading class java/util/HashMap$EntrySpliterator
Event: 319.919 Loading class java/util/HashMap$EntrySpliterator done
Event: 319.921 Loading class java/util/stream/ReferencePipeline$4
Event: 319.921 Loading class java/util/stream/ReferencePipeline$4 done
Event: 319.921 Loading class java/util/stream/Nodes$IntFixedNodeBuilder
Event: 319.922 Loading class java/util/stream/Node$Builder$OfInt
Event: 319.922 Loading class java/util/stream/Node$Builder$OfInt done
Event: 319.922 Loading class java/util/stream/Nodes$IntArrayNode
Event: 319.922 Loading class java/util/stream/Nodes$IntArrayNode done
Event: 319.922 Loading class java/util/stream/Nodes$IntFixedNodeBuilder done
Event: 319.923 Loading class java/util/stream/ReferencePipeline$4$1
Event: 319.923 Loading class java/util/stream/ReferencePipeline$4$1 done

Classes unloaded (7 events):
Event: 5.178 Thread 0x0000022c41030c10 Unloading class 0x0000022c5b1a2800 'java/lang/invoke/LambdaForm$MH+0x0000022c5b1a2800'
Event: 5.178 Thread 0x0000022c41030c10 Unloading class 0x0000022c5b1a2400 'java/lang/invoke/LambdaForm$MH+0x0000022c5b1a2400'
Event: 5.178 Thread 0x0000022c41030c10 Unloading class 0x0000022c5b1a2000 'java/lang/invoke/LambdaForm$MH+0x0000022c5b1a2000'
Event: 5.178 Thread 0x0000022c41030c10 Unloading class 0x0000022c5b1a1c00 'java/lang/invoke/LambdaForm$MH+0x0000022c5b1a1c00'
Event: 5.178 Thread 0x0000022c41030c10 Unloading class 0x0000022c5b1a1800 'java/lang/invoke/LambdaForm$BMH+0x0000022c5b1a1800'
Event: 5.178 Thread 0x0000022c41030c10 Unloading class 0x0000022c5b1a1400 'java/lang/invoke/LambdaForm$DMH+0x0000022c5b1a1400'
Event: 5.178 Thread 0x0000022c41030c10 Unloading class 0x0000022c5b1a0000 'java/lang/invoke/LambdaForm$DMH+0x0000022c5b1a0000'

Classes redefined (0 events):
No events

Internal exceptions (20 events):
Event: 14.372 Thread 0x0000022ca3d811a0 Exception <a 'sun/nio/fs/WindowsException'{0x00000000d63e4dc8}> (0x00000000d63e4dc8) 
thrown [s\src\hotspot\share\prims\jni.cpp, line 520]
Event: 14.373 Thread 0x0000022ca3d811a0 Exception <a 'sun/nio/fs/WindowsException'{0x00000000d63e6720}> (0x00000000d63e6720) 
thrown [s\src\hotspot\share\prims\jni.cpp, line 520]
Event: 14.373 Thread 0x0000022ca3d811a0 Exception <a 'sun/nio/fs/WindowsException'{0x00000000d63e7058}> (0x00000000d63e7058) 
thrown [s\src\hotspot\share\prims\jni.cpp, line 520]
Event: 14.379 Thread 0x0000022ca3d811a0 Exception <a 'sun/nio/fs/WindowsException'{0x00000000d5597df0}> (0x00000000d5597df0) 
thrown [s\src\hotspot\share\prims\jni.cpp, line 520]
Event: 14.379 Thread 0x0000022ca3d811a0 Exception <a 'sun/nio/fs/WindowsException'{0x00000000d5598728}> (0x00000000d5598728) 
thrown [s\src\hotspot\share\prims\jni.cpp, line 520]
Event: 14.499 Thread 0x0000022ca3d7a210 Exception <a 'java/lang/NoSuchMethodError'{0x00000000d56ebec8}: 'int java.lang.invoke.DirectMethodHandle$Holder.invokeSpecialIFC(java.lang.Object, java.lang.Object, java.lang.Object)'> (0x00000000d56ebec8) 
thrown [s\src\hotspot\share\interpreter\linkResolver.cpp, line 773]
Event: 14.547 Thread 0x0000022ca19fe820 Exception <a 'java/lang/NoSuchMethodError'{0x00000000d59671e8}: 'java.lang.Object java.lang.invoke.DirectMethodHandle$Holder.invokeStatic(java.lang.Object, java.lang.Object, int, java.lang.Object)'> (0x00000000d59671e8) 
thrown [s\src\hotspot\share\interpreter\linkResolver.cpp, line 773]
Event: 14.547 Thread 0x0000022ca19fe820 Exception <a 'java/lang/NoSuchMethodError'{0x00000000d596db38}: 'java.lang.Object java.lang.invoke.DirectMethodHandle$Holder.newInvokeSpecial(java.lang.Object, java.lang.Object, int)'> (0x00000000d596db38) 
thrown [s\src\hotspot\share\interpreter\linkResolver.cpp, line 773]
Event: 14.844 Thread 0x0000022ca3d79b80 Implicit null exception at 0x0000022c4d75526b to 0x0000022c4d7561f8
Event: 14.845 Thread 0x0000022ca3d79b80 Implicit null exception at 0x0000022c4d75c453 to 0x0000022c4d75d168
Event: 14.912 Thread 0x0000022ca3d7a8a0 Exception <a 'java/io/FileNotFoundException'{0x00000000d5e807d8}> (0x00000000d5e807d8) 
thrown [s\src\hotspot\share\prims\jni.cpp, line 520]
Event: 14.912 Thread 0x0000022ca3d7a8a0 Exception <a 'java/io/FileNotFoundException'{0x00000000d5e818c0}> (0x00000000d5e818c0) 
thrown [s\src\hotspot\share\prims\jni.cpp, line 520]
Event: 14.913 Thread 0x0000022ca3d7a8a0 Exception <a 'java/io/FileNotFoundException'{0x00000000d5e82628}> (0x00000000d5e82628) 
thrown [s\src\hotspot\share\prims\jni.cpp, line 520]
Event: 16.993 Thread 0x0000022ca3d7e3b0 Exception <a 'java/lang/ArrayIndexOutOfBoundsException'{0x00000000d6464950}> (0x00000000d6464950) 
thrown [s\src\hotspot\share\runtime\sharedRuntime.cpp, line 625]
Event: 17.402 Thread 0x0000022ca3d7e3b0 Exception <a 'java/lang/ArrayIndexOutOfBoundsException'{0x00000000d655a8e0}> (0x00000000d655a8e0) 
thrown [s\src\hotspot\share\runtime\sharedRuntime.cpp, line 625]
Event: 17.493 Thread 0x0000022ca3d7b5c0 Exception <a 'java/lang/IncompatibleClassChangeError'{0x00000000d64ce8b0}: Found class java.lang.Object, but interface was expected> (0x00000000d64ce8b0) 
thrown [s\src\hotspot\share\interpreter\linkResolver.cpp, line 840]
Event: 17.497 Thread 0x0000022ca3d7e3b0 Exception <a 'java/lang/NoSuchMethodError'{0x00000000d65ab3a8}: 'java.lang.Object java.lang.invoke.DirectMethodHandle$Holder.invokeSpecial(java.lang.Object, java.lang.Object, java.lang.Object, java.lang.Object, int, java.lang.Object, java.lang.Object)'> (0x00000000d65ab3a8) 
thrown [s\src\hotspot\share\interpreter\linkResolver.cpp, line 773]
Event: 61.440 Thread 0x0000022ca3d7b5c0 Exception <a 'java/lang/IncompatibleClassChangeError'{0x00000000d6579138}: Found class java.lang.Object, but interface was expected> (0x00000000d6579138) 
thrown [s\src\hotspot\share\interpreter\linkResolver.cpp, line 840]
Event: 319.893 Thread 0x0000022ca3d811a0 Exception <a 'java/lang/ArrayIndexOutOfBoundsException'{0x00000000d5e5c188}> (0x00000000d5e5c188) 
thrown [s\src\hotspot\share\runtime\sharedRuntime.cpp, line 625]
Event: 322.483 Thread 0x0000022ca3d7b5c0 Exception <a 'java/lang/IncompatibleClassChangeError'{0x00000000d66ea780}: Found class java.lang.Object, but interface was expected> (0x00000000d66ea780) 
thrown [s\src\hotspot\share\interpreter\linkResolver.cpp, line 840]

ZGC Phase Switch (0 events):
No events

VM Operations (20 events):
Event: 4088.505 Executing non-safepoint VM operation: HandshakeAllThreads (HandshakeForDeflation)
Event: 4088.505 Executing non-safepoint VM operation: HandshakeAllThreads (HandshakeForDeflation) done
Event: 4088.505 Executing non-safepoint VM operation: RendezvousGCThreads
Event: 4088.505 Executing non-safepoint VM operation: RendezvousGCThreads done
Event: 4148.628 Executing non-safepoint VM operation: HandshakeAllThreads (HandshakeForDeflation)
Event: 4148.628 Executing non-safepoint VM operation: HandshakeAllThreads (HandshakeForDeflation) done
Event: 4148.628 Executing non-safepoint VM operation: RendezvousGCThreads
Event: 4148.628 Executing non-safepoint VM operation: RendezvousGCThreads done
Event: 4208.698 Executing non-safepoint VM operation: HandshakeAllThreads (HandshakeForDeflation)
Event: 4208.699 Executing non-safepoint VM operation: HandshakeAllThreads (HandshakeForDeflation) done
Event: 4208.699 Executing non-safepoint VM operation: RendezvousGCThreads
Event: 4208.699 Executing non-safepoint VM operation: RendezvousGCThreads done
Event: 4268.892 Executing non-safepoint VM operation: HandshakeAllThreads (HandshakeForDeflation)
Event: 4268.892 Executing non-safepoint VM operation: HandshakeAllThreads (HandshakeForDeflation) done
Event: 4268.892 Executing non-safepoint VM operation: RendezvousGCThreads
Event: 4268.892 Executing non-safepoint VM operation: RendezvousGCThreads done
Event: 4329.140 Executing non-safepoint VM operation: HandshakeAllThreads (HandshakeForDeflation)
Event: 4329.140 Executing non-safepoint VM operation: HandshakeAllThreads (HandshakeForDeflation) done
Event: 4329.140 Executing non-safepoint VM operation: RendezvousGCThreads
Event: 4329.140 Executing non-safepoint VM operation: RendezvousGCThreads done

Memory protections (0 events):
No events

Nmethod flushes (20 events):
Event: 14.446 Thread 0x0000022c41030c10 flushing  nmethod 0x0000022c46041f10
Event: 14.446 Thread 0x0000022c41030c10 flushing  nmethod 0x0000022c46046210
Event: 14.446 Thread 0x0000022c41030c10 flushing  nmethod 0x0000022c46055310
Event: 14.446 Thread 0x0000022c41030c10 flushing  nmethod 0x0000022c46059a90
Event: 14.446 Thread 0x0000022c41030c10 flushing  nmethod 0x0000022c46061b90
Event: 14.446 Thread 0x0000022c41030c10 flushing  nmethod 0x0000022c46063310
Event: 14.446 Thread 0x0000022c41030c10 flushing  nmethod 0x0000022c4607d290
Event: 14.446 Thread 0x0000022c41030c10 flushing  nmethod 0x0000022c4608c890
Event: 14.446 Thread 0x0000022c41030c10 flushing  nmethod 0x0000022c46091690
Event: 14.446 Thread 0x0000022c41030c10 flushing  nmethod 0x0000022c460c2390
Event: 14.446 Thread 0x0000022c41030c10 flushing  nmethod 0x0000022c460c2690
Event: 14.446 Thread 0x0000022c41030c10 flushing  nmethod 0x0000022c460e4f10
Event: 14.446 Thread 0x0000022c41030c10 flushing  nmethod 0x0000022c460e6a10
Event: 14.446 Thread 0x0000022c41030c10 flushing  nmethod 0x0000022c460e8310
Event: 14.446 Thread 0x0000022c41030c10 flushing  nmethod 0x0000022c460eaa90
Event: 14.446 Thread 0x0000022c41030c10 flushing  nmethod 0x0000022c460eb490
Event: 14.446 Thread 0x0000022c41030c10 flushing  nmethod 0x0000022c460ebd90
Event: 14.446 Thread 0x0000022c41030c10 flushing  nmethod 0x0000022c460ec110
Event: 14.446 Thread 0x0000022c41030c10 flushing  nmethod 0x0000022c460f9d90
Event: 14.446 Thread 0x0000022c41030c10 flushing  nmethod 0x0000022c46109510

Events (20 events):
Event: 36.159 Thread 0x0000022ca504dd20 Thread exited: 0x0000022ca504dd20
Event: 36.159 Thread 0x0000022ca504ad70 Thread exited: 0x0000022ca504ad70
Event: 74.824 Thread 0x0000022ca19ff540 Thread exited: 0x0000022ca19ff540
Event: 74.824 Thread 0x0000022ca19fe190 Thread exited: 0x0000022ca19fe190
Event: 74.824 Thread 0x0000022ca19ffbd0 Thread exited: 0x0000022ca19ffbd0
Event: 74.949 Thread 0x0000022ca3d7a8a0 Thread exited: 0x0000022ca3d7a8a0
Event: 136.515 Thread 0x0000022ca3d7e3b0 Thread exited: 0x0000022ca3d7e3b0
Event: 196.517 Thread 0x0000022ca3d7f0d0 Thread exited: 0x0000022ca3d7f0d0
Event: 256.532 Thread 0x0000022ca3d79b80 Thread exited: 0x0000022ca3d79b80
Event: 319.678 Thread 0x0000022c9bac4bc0 Thread added: 0x0000022ca504ad70
Event: 319.683 Thread 0x0000022c9bac4bc0 Thread added: 0x0000022ca504dd20
Event: 320.320 Thread 0x0000022ca504dd20 Thread exited: 0x0000022ca504dd20
Event: 320.320 Thread 0x0000022ca504ad70 Thread exited: 0x0000022ca504ad70
Event: 382.500 Thread 0x0000022ca3d7a210 Thread exited: 0x0000022ca3d7a210
Event: 442.502 Thread 0x0000022ca3d811a0 Thread exited: 0x0000022ca3d811a0
Event: 502.513 Thread 0x0000022ca3d7d690 Thread exited: 0x0000022ca3d7d690
Event: 562.517 Thread 0x0000022ca3d7fdf0 Thread exited: 0x0000022ca3d7fdf0
Event: 622.517 Thread 0x0000022ca121f780 Thread exited: 0x0000022ca121f780
Event: 682.525 Thread 0x0000022ca3d80b10 Thread exited: 0x0000022ca3d80b10
Event: 742.527 Thread 0x0000022ca3d7c2e0 Thread exited: 0x0000022ca3d7c2e0


Dynamic libraries:
0x00007ff789d60000 - 0x00007ff789d6e000 	c:\Users\karop\.vscode\extensions\redhat.java-1.54.0-win32-x64\jre\21.0.10-win32-x86_64\bin\java.exe
0x00007ffa95560000 - 0x00007ffa957c7000 	C:\WINDOWS\SYSTEM32\ntdll.dll
0x00007ffa94050000 - 0x00007ffa94119000 	C:\WINDOWS\System32\KERNEL32.DLL
0x00007ffa92ef0000 - 0x00007ffa932e4000 	C:\WINDOWS\System32\KERNELBASE.dll
0x00007ffa92b80000 - 0x00007ffa92ccb000 	C:\WINDOWS\System32\ucrtbase.dll
0x00007ffa77640000 - 0x00007ffa77658000 	c:\Users\karop\.vscode\extensions\redhat.java-1.54.0-win32-x64\jre\21.0.10-win32-x86_64\bin\jli.dll
0x00007ffa77660000 - 0x00007ffa7767e000 	c:\Users\karop\.vscode\extensions\redhat.java-1.54.0-win32-x64\jre\21.0.10-win32-x86_64\bin\VCRUNTIME140.dll
0x00007ffa94160000 - 0x00007ffa94325000 	C:\WINDOWS\System32\USER32.dll
0x00007ffa92b50000 - 0x00007ffa92b77000 	C:\WINDOWS\System32\win32u.dll
0x00007ffa77b20000 - 0x00007ffa77db3000 	C:\WINDOWS\WinSxS\amd64_microsoft.windows.common-controls_6595b64144ccf1df_6.0.26100.8115_none_3e075c82e3354f9c\COMCTL32.dll
0x00007ffa93570000 - 0x00007ffa9359b000 	C:\WINDOWS\System32\GDI32.dll
0x00007ffa94e40000 - 0x00007ffa94ee9000 	C:\WINDOWS\System32\msvcrt.dll
0x00007ffa926a0000 - 0x00007ffa927cb000 	C:\WINDOWS\System32\gdi32full.dll
0x00007ffa92e40000 - 0x00007ffa92ee3000 	C:\WINDOWS\System32\msvcp_win.dll
0x00007ffa94120000 - 0x00007ffa94152000 	C:\WINDOWS\System32\IMM32.DLL
0x00007ffa8a780000 - 0x00007ffa8a78c000 	c:\Users\karop\.vscode\extensions\redhat.java-1.54.0-win32-x64\jre\21.0.10-win32-x86_64\bin\vcruntime140_1.dll
0x00007ffa6fbe0000 - 0x00007ffa6fc6d000 	c:\Users\karop\.vscode\extensions\redhat.java-1.54.0-win32-x64\jre\21.0.10-win32-x86_64\bin\msvcp140.dll
0x00007ff9a1650000 - 0x00007ff9a23f1000 	c:\Users\karop\.vscode\extensions\redhat.java-1.54.0-win32-x64\jre\21.0.10-win32-x86_64\bin\server\jvm.dll
0x00007ffa93e90000 - 0x00007ffa93f46000 	C:\WINDOWS\System32\ADVAPI32.dll
0x00007ffa94d00000 - 0x00007ffa94da7000 	C:\WINDOWS\System32\sechost.dll
0x00007ffa94ef0000 - 0x00007ffa95008000 	C:\WINDOWS\System32\RPCRT4.dll
0x00007ffa94db0000 - 0x00007ffa94e30000 	C:\WINDOWS\System32\WS2_32.dll
0x00007ffa91ae0000 - 0x00007ffa91b3e000 	C:\WINDOWS\SYSTEM32\POWRPROF.dll
0x00007ffa84290000 - 0x00007ffa842c6000 	C:\WINDOWS\SYSTEM32\WINMM.dll
0x00007ffa8b3e0000 - 0x00007ffa8b3eb000 	C:\WINDOWS\SYSTEM32\VERSION.dll
0x00007ffa91ac0000 - 0x00007ffa91ad4000 	C:\WINDOWS\SYSTEM32\UMPDC.dll
0x00007ffa90ba0000 - 0x00007ffa90bbb000 	C:\WINDOWS\SYSTEM32\kernel.appcore.dll
0x00007ffa77630000 - 0x00007ffa7763a000 	c:\Users\karop\.vscode\extensions\redhat.java-1.54.0-win32-x64\jre\21.0.10-win32-x86_64\bin\jimage.dll
0x00007ffa8fe10000 - 0x00007ffa90052000 	C:\WINDOWS\SYSTEM32\DBGHELP.DLL
0x00007ffa95130000 - 0x00007ffa954b2000 	C:\WINDOWS\System32\combase.dll
0x00007ffa948a0000 - 0x00007ffa94978000 	C:\WINDOWS\System32\OLEAUT32.dll
0x00007ffa77730000 - 0x00007ffa7776b000 	C:\WINDOWS\SYSTEM32\dbgcore.DLL
0x00007ffa92d90000 - 0x00007ffa92e35000 	C:\WINDOWS\System32\bcryptPrimitives.dll
0x00007ffa70c40000 - 0x00007ffa70c4f000 	c:\Users\karop\.vscode\extensions\redhat.java-1.54.0-win32-x64\jre\21.0.10-win32-x86_64\bin\instrument.dll
0x00007ffa652b0000 - 0x00007ffa652d0000 	c:\Users\karop\.vscode\extensions\redhat.java-1.54.0-win32-x64\jre\21.0.10-win32-x86_64\bin\java.dll
0x00007ffa93720000 - 0x00007ffa93e87000 	C:\WINDOWS\System32\SHELL32.dll
0x00007ffa92950000 - 0x00007ffa92aba000 	C:\WINDOWS\System32\wintypes.dll
0x00007ffa91e30000 - 0x00007ffa92698000 	C:\WINDOWS\System32\windows.storage.dll
0x00007ffa93f50000 - 0x00007ffa94048000 	C:\WINDOWS\System32\SHCORE.dll
0x00007ffa950c0000 - 0x00007ffa95126000 	C:\WINDOWS\System32\shlwapi.dll
0x00007ffa91d50000 - 0x00007ffa91d79000 	C:\WINDOWS\SYSTEM32\profapi.dll
0x00007ffa648b0000 - 0x00007ffa648c8000 	c:\Users\karop\.vscode\extensions\redhat.java-1.54.0-win32-x64\jre\21.0.10-win32-x86_64\bin\zip.dll
0x00007ffa6fbd0000 - 0x00007ffa6fbe0000 	C:\Users\karop\.vscode\extensions\redhat.java-1.54.0-win32-x64\jre\21.0.10-win32-x86_64\bin\net.dll
0x00007ffa8ac40000 - 0x00007ffa8ad6d000 	C:\WINDOWS\SYSTEM32\WINHTTP.dll
0x00007ffa91130000 - 0x00007ffa9119c000 	C:\WINDOWS\system32\mswsock.dll
0x00007ffa64840000 - 0x00007ffa64856000 	C:\Users\karop\.vscode\extensions\redhat.java-1.54.0-win32-x64\jre\21.0.10-win32-x86_64\bin\nio.dll
0x00007ffa6fb70000 - 0x00007ffa6fb80000 	c:\Users\karop\.vscode\extensions\redhat.java-1.54.0-win32-x64\jre\21.0.10-win32-x86_64\bin\verify.dll
0x00007ffa604a0000 - 0x00007ffa604e5000 	C:\Users\karop\AppData\Roaming\Code\User\globalStorage\redhat.java\1.54.0\config_win\org.eclipse.equinox.launcher\org.eclipse.equinox.launcher.win32.win32.x86_64_1.3.0.v20260203-2149\eclipse_11919.dll
0x00007ffa933b0000 - 0x00007ffa93547000 	C:\WINDOWS\System32\ole32.dll
0x00007ffa91410000 - 0x00007ffa9142b000 	C:\WINDOWS\SYSTEM32\CRYPTSP.dll
0x00007ffa90af0000 - 0x00007ffa90b29000 	C:\WINDOWS\system32\rsaenh.dll
0x00007ffa911e0000 - 0x00007ffa91213000 	C:\WINDOWS\SYSTEM32\USERENV.dll
0x00007ffa91d20000 - 0x00007ffa91d4a000 	C:\WINDOWS\SYSTEM32\bcrypt.dll
0x00007ffa91430000 - 0x00007ffa9143c000 	C:\WINDOWS\SYSTEM32\CRYPTBASE.dll
0x00007ffa90560000 - 0x00007ffa90592000 	C:\WINDOWS\SYSTEM32\IPHLPAPI.DLL
0x00007ffa93560000 - 0x00007ffa9356a000 	C:\WINDOWS\System32\NSI.dll
0x00007ffa5f680000 - 0x00007ffa5f6c9000 	C:\Users\karop\AppData\Local\Temp\jna-101819581\jna6350744742048488389.dll
0x00007ffa94980000 - 0x00007ffa94988000 	C:\WINDOWS\System32\PSAPI.DLL
0x00007ffa8b170000 - 0x00007ffa8b18d000 	C:\WINDOWS\SYSTEM32\dhcpcsvc6.DLL
0x00007ffa8b030000 - 0x00007ffa8b055000 	C:\WINDOWS\SYSTEM32\dhcpcsvc.DLL

JVMTI agents:
c:\Users\karop\.vscode\extensions\redhat.java-1.54.0-win32-x64\lombok\lombok-1.18.39-4050.jar path:c:\Users\karop\.vscode\extensions\redhat.java-1.54.0-win32-x64\jre\21.0.10-win32-x86_64\bin\instrument.dll, loaded, initialized, instrumentlib options:none

dbghelp: loaded successfully - version: 4.0.5 - missing functions: none
symbol engine: initialized successfully - sym options: 0x614 - pdb path: .;c:\Users\karop\.vscode\extensions\redhat.java-1.54.0-win32-x64\jre\21.0.10-win32-x86_64\bin;C:\WINDOWS\SYSTEM32;C:\WINDOWS\WinSxS\amd64_microsoft.windows.common-controls_6595b64144ccf1df_6.0.26100.8115_none_3e075c82e3354f9c;c:\Users\karop\.vscode\extensions\redhat.java-1.54.0-win32-x64\jre\21.0.10-win32-x86_64\bin\server;C:\Users\karop\AppData\Roaming\Code\User\globalStorage\redhat.java\1.54.0\config_win\org.eclipse.equinox.launcher\org.eclipse.equinox.launcher.win32.win32.x86_64_1.3.0.v20260203-2149;C:\Users\karop\AppData\Local\Temp\jna-101819581

VM Arguments:
jvm_args: --add-modules=ALL-SYSTEM --add-opens=java.base/java.util=ALL-UNNAMED --add-opens=java.base/java.lang=ALL-UNNAMED --add-opens=java.base/sun.nio.fs=ALL-UNNAMED -Declipse.application=org.eclipse.jdt.ls.core.id1 -Dosgi.bundles.defaultStartLevel=4 -Declipse.product=org.eclipse.jdt.ls.core.product -Djava.import.generatesMetadataFilesAtProjectRoot=false -DDetectVMInstallationsJob.disabled=true -Dfile.encoding=utf8 -XX:+UseParallelGC -XX:GCTimeRatio=4 -XX:AdaptiveSizePolicyWeight=90 -Dsun.zip.disableMemoryMapping=true -Xmx2G -Xms100m -Xlog:disable -javaagent:c:\Users\karop\.vscode\extensions\redhat.java-1.54.0-win32-x64\lombok\lombok-1.18.39-4050.jar -XX:+HeapDumpOnOutOfMemoryError -XX:HeapDumpPath=c:\Users\karop\AppData\Roaming\Code\User\workspaceStorage\2db5e0e27045ffa926bc20ac7b6fe803\redhat.java -Daether.dependencyCollector.impl=bf 
java_command: c:\Users\karop\.vscode\extensions\redhat.java-1.54.0-win32-x64\server\plugins\org.eclipse.equinox.launcher_1.7.100.v20251111-0406.jar -configuration c:\Users\karop\AppData\Roaming\Code\User\globalStorage\redhat.java\1.54.0\config_win -data c:\Users\karop\AppData\Roaming\Code\User\workspaceStorage\2db5e0e27045ffa926bc20ac7b6fe803\redhat.java\jdt_ws --pipe=\\.\pipe\lsp-112d4bf80672c7425e34cf4dbe09f591-sock
java_class_path (initial): c:\Users\karop\.vscode\extensions\redhat.java-1.54.0-win32-x64\server\plugins\org.eclipse.equinox.launcher_1.7.100.v20251111-0406.jar
Launcher Type: SUN_STANDARD

[Global flags]
    uintx AdaptiveSizePolicyWeight                 = 90                                        {product} {command line}
     intx CICompilerCount                          = 4                                         {product} {ergonomic}
    uintx GCTimeRatio                              = 4                                         {product} {command line}
     bool HeapDumpOnOutOfMemoryError               = true                                   {manageable} {command line}
    ccstr HeapDumpPath                             = c:\Users\karop\AppData\Roaming\Code\User\workspaceStorage\2db5e0e27045ffa926bc20ac7b6fe803\redhat.java         {manageable} {command line}
   size_t InitialHeapSize                          = 104857600                                 {product} {command line}
   size_t MaxHeapSize                              = 2147483648                                {product} {command line}
   size_t MaxNewSize                               = 715653120                                 {product} {ergonomic}
   size_t MinHeapDeltaBytes                        = 524288                                    {product} {ergonomic}
   size_t MinHeapSize                              = 104857600                                 {product} {command line}
   size_t NewSize                                  = 34603008                                  {product} {ergonomic}
    uintx NonNMethodCodeHeapSize                   = 5839372                                {pd product} {ergonomic}
    uintx NonProfiledCodeHeapSize                  = 122909434                              {pd product} {ergonomic}
   size_t OldSize                                  = 70254592                                  {product} {ergonomic}
    uintx ProfiledCodeHeapSize                     = 122909434                              {pd product} {ergonomic}
    uintx ReservedCodeCacheSize                    = 251658240                              {pd product} {ergonomic}
     bool SegmentedCodeCache                       = true                                      {product} {ergonomic}
   size_t SoftMaxHeapSize                          = 2147483648                             {manageable} {ergonomic}
     bool UseCompressedOops                        = true                           {product lp64_product} {ergonomic}
     bool UseLargePagesIndividualAllocation        = false                                  {pd product} {ergonomic}
     bool UseParallelGC                            = true                                      {product} {command line}

Logging:
Log output configuration:
 #0: stdout all=off uptime,level,tags foldmultilines=false
 #1: stderr all=off uptime,level,tags foldmultilines=false

Release file:
JAVA_VERSION="21.0.10" 
MODULES="java.base java.compiler java.datatransfer java.xml java.prefs java.desktop java.instrument java.logging java.management java.security.sasl java.naming java.rmi java.management.rmi java.net.http java.scripting java.security.jgss java.transaction.xa java.sql java.sql.rowset java.xml.crypto java.se java.smartcardio jdk.accessibility jdk.internal.jvmstat jdk.attach jdk.charsets jdk.internal.opt jdk.zipfs jdk.compiler jdk.crypto.ec jdk.crypto.cryptoki jdk.crypto.mscapi jdk.dynalink jdk.internal.ed jdk.editpad jdk.hotspot.agent jdk.httpserver jdk.internal.le jdk.internal.vm.ci jdk.internal.vm.compiler jdk.internal.vm.compiler.management jdk.jartool jdk.javadoc jdk.jcmd jdk.management jdk.management.agent jdk.jconsole jdk.jdeps jdk.jdwp.agent jdk.jdi jdk.jfr jdk.jshell jdk.jsobject jdk.jstatd jdk.localedata jdk.management.jfr jdk.naming.dns jdk.naming.rmi jdk.net jdk.nio.mapmode jdk.random jdk.sctp jdk.security.auth jdk.security.jgss jdk.unsupported jdk.unsupported.desktop jdk.xml.dom" 

Environment Variables:
JAVA_HOME=C:\Program Files\BellSoft\LibericaJDK-25\
PATH=C:\Users\karop\AppData\Local\Programs\Microsoft VS Code;C:\Program Files\BellSoft\LibericaJDK-25\bin\;C:\Program Files\Eclipse Adoptium\jdk-17.0.17.10-hotspot\bin;C:\Program Files (x86)\Common Files\Oracle\Java\javapath;C:\Program Files (x86)\Razer Chroma SDK\bin;C:\Program Files\Razer Chroma SDK\bin;C:\Program Files (x86)\Razer\ChromaBroadcast\bin;C:\Program Files\Razer\ChromaBroadcast\bin;C:\Windows\system32;C:\Windows;C:\Windows\System32\Wbem;C:\Windows\System32\WindowsPowerShell\v1.0\;C:\Windows\System32\OpenSSH\;C:\Program Files (x86)\NVIDIA Corporation\PhysX\Common;C:\Program Files\NVIDIA Corporation\NVIDIA NvDLISR;C:\WINDOWS\system32;C:\WINDOWS;C:\WINDOWS\System32\Wbem;C:\WINDOWS\System32\WindowsPowerShell\v1.0\;C:\WINDOWS\System32\OpenSSH\;C:\Users\karop\AppData\Local\Microsoft\WindowsApps;C:\WINDOWS\system32\config\systemprofile\AppData\Local\Microsoft\WindowsApps;C:\Program Files\dotnet\;C:\WINDOWS\system32;C:\WINDOWS;C:\WINDOWS\System32\Wbem;C:\WINDOWS\System32\WindowsPowerShell\v1.0\;C:\WINDOWS\System32\OpenSSH\;G:\KTH\Object Orienterad Design\Git\cmd;C:\Users\karop\AppData\Local\Microsoft\WindowsApps;C:\Users\karop\AppData\Local\Programs\Microsoft VS Code\bin;C:\msys64\ucrt64\bin;
USERNAME=karop
OS=Windows_NT
PROCESSOR_IDENTIFIER=AMD64 Family 25 Model 80 Stepping 0, AuthenticAMD
TMP=C:\Users\karop\AppData\Local\Temp
TEMP=C:\Users\karop\AppData\Local\Temp




Periodic native trim disabled

---------------  S Y S T E M  ---------------

OS:
 Windows 11 , 64 bit Build 26100 (10.0.26100.8246)
OS uptime: 0 days 3:56 hours
Hyper-V role detected

CPU: total 12 (initial active 12) (12 cores per cpu, 2 threads per core) family 25 model 80 stepping 0 microcode 0xa50000c, cx8, cmov, fxsr, ht, mmx, 3dnowpref, sse, sse2, sse3, ssse3, sse4a, sse4.1, sse4.2, popcnt, lzcnt, tsc, tscinvbit, avx, avx2, aes, erms, clmul, bmi1, bmi2, adx, sha, fma, vzeroupper, clflush, clflushopt, hv, rdtscp, rdpid, fsrm, f16c, cet_ss
Processor Information for the first 12 processors :
  Max Mhz: 3901, Current Mhz: 3901, Mhz Limit: 3901

Memory: 4k page, system-wide physical 16212M (1761M free)
TotalPageFile size 39081M (AvailPageFile size 4M)
current process WorkingSet (physical memory assigned to process): 9M, peak: 296M
current process commit charge ("private bytes"): 352M, peak: 397M

vm_info: OpenJDK 64-Bit Server VM (21.0.10+7-LTS) for windows-amd64 JRE (21.0.10+7-LTS), built on 2026-01-20T00:00:00Z by "admin" with MS VC++ 17.12 (VS2022)

END.
